<?xml version="1.0" encoding="UTF-8"?>
<!-- Generated by org.testng.reporters.JUnitXMLReporter -->
<testsuite ignored="0" hostname="DESKTOP-AUGHFJE" failures="0" tests="6" name="Chrome Default test(failed)(failed)(failed)" time="28.883" errors="0" timestamp="2023-04-24T16:53:56 IST">
  <testcase classname="test.TestNGClass1" name="verifyDistrictPuneGOMHomePage" time="0.025"/>
  <testcase classname="test.TestNGClass1" name="verifyWhosWhoPage" time="3.594"/>
  <testcase classname="test.TestNGClass1" name="VerifyTouristPlacesPage" time="1.091"/>
  <testcase classname="test.TestNGClass1" name="verifyRtiOnlinePage" time="1.732"/>
  <testcase classname="test.TestNGClass1" name="verifyAdharCentresPage" time="1.51"/>
  <testcase classname="test.TestNGClass1" name="verifyViewDigitallySigned712Page" time="1.512"/>
</testsuite> <!-- Chrome Default test(failed)(failed)(failed) -->
