<?xml version="1.0" encoding="UTF-8"?>
<!-- Generated by org.testng.reporters.JUnitXMLReporter -->
<testsuite ignored="0" hostname="DESKTOP-AUGHFJE" failures="0" tests="6" name="Default test(failed)(failed)(failed)" time="22.43" errors="0" timestamp="2023-04-24T16:51:32 IST">
  <testcase classname="test.TestNGClass1" name="verifyDistrictPuneGOMHomePage" time="0.022"/>
  <testcase classname="test.TestNGClass1" name="verifyWhosWhoPage" time="1.918"/>
  <testcase classname="test.TestNGClass1" name="VerifyTouristPlacesPage" time="1.118"/>
  <testcase classname="test.TestNGClass1" name="verifyRtiOnlinePage" time="0.968"/>
  <testcase classname="test.TestNGClass1" name="verifyAdharCentresPage" time="0.908"/>
  <testcase classname="test.TestNGClass1" name="verifyViewDigitallySigned712Page" time="1.202"/>
</testsuite> <!-- Default test(failed)(failed)(failed) -->
