<?xml version="1.0" encoding="UTF-8"?>
<!-- Generated by org.testng.reporters.JUnitXMLReporter -->
<testsuite ignored="0" hostname="DESKTOP-AUGHFJE" failures="0" tests="6" name="Firefox Default test(failed)(failed)(failed)" time="26.967" errors="0" timestamp="2023-04-24T16:54:23 IST">
  <testcase classname="test.TestNGClass1" name="verifyDistrictPuneGOMHomePage" time="0.018"/>
  <testcase classname="test.TestNGClass1" name="verifyWhosWhoPage" time="1.254"/>
  <testcase classname="test.TestNGClass1" name="VerifyTouristPlacesPage" time="0.755"/>
  <testcase classname="test.TestNGClass1" name="verifyRtiOnlinePage" time="0.461"/>
  <testcase classname="test.TestNGClass1" name="verifyAdharCentresPage" time="0.468"/>
  <testcase classname="test.TestNGClass1" name="verifyViewDigitallySigned712Page" time="0.545"/>
</testsuite> <!-- Firefox Default test(failed)(failed)(failed) -->
