<?xml version="1.0" encoding="UTF-8"?>
<!-- Generated by org.testng.reporters.JUnitXMLReporter -->
<testsuite ignored="0" hostname="DESKTOP-AUGHFJE" failures="0" tests="12" name="chrome" time="0.2" errors="0" timestamp="2023-04-24T16:34:39 IST">
  <testcase classname="test.TestNGClass1" name="@BeforeTest launchBrowser" time="-1.682334279033E9">
    <failure type="org.testng.TestNGException" message="
Parameter &amp;apos;browser&amp;apos; is required by BeforeTest on method launchBrowser but has not been marked @Optional or defined
in C:\Users\Lenovo\eclipse-workspace\Maven_GovernmentOfMaharashtra_PuneDistrict\regression.xml">
      <![CDATA[org.testng.TestNGException: 
Parameter 'browser' is required by BeforeTest on method launchBrowser but has not been marked @Optional or defined
in C:\Users\Lenovo\eclipse-workspace\Maven_GovernmentOfMaharashtra_PuneDistrict\regression.xml
... Removed 21 stack frames]]>
    </failure>
  </testcase> <!-- @BeforeTest launchBrowser -->
  <testcase classname="test.TestNGClass2" name="@BeforeTest launchBrowser" time="-1.682334279049E9">
    <skipped/>
  </testcase> <!-- @BeforeTest launchBrowser -->
  <testcase classname="test.TestNGClass1" name="@BeforeClass launchBrowser" time="-1.682334279088E9">
    <skipped/>
  </testcase> <!-- @BeforeClass launchBrowser -->
  <testcase classname="test.TestNGClass2" name="@BeforeClass launchBrowser" time="-1.682334279088E9">
    <skipped/>
  </testcase> <!-- @BeforeClass launchBrowser -->
  <testcase classname="test.TestNGClass1" name="@BeforeMethod goToDistrictPuneGOMHomePage" time="-1.682334279111E9">
    <skipped/>
  </testcase> <!-- @BeforeMethod goToDistrictPuneGOMHomePage -->
  <testcase classname="test.TestNGClass2" name="@BeforeMethod goToDistrictPuneGOMHomePage" time="-1.682334279111E9">
    <skipped/>
  </testcase> <!-- @BeforeMethod goToDistrictPuneGOMHomePage -->
  <testcase classname="test.TestNGClass2" name="@AfterMethod closePage" time="-1.682334279125E9">
    <skipped/>
  </testcase> <!-- @AfterMethod closePage -->
  <testcase classname="test.TestNGClass2" name="@BeforeMethod goToDistrictPuneGOMHomePage" time="-1.682334279132E9">
    <skipped/>
  </testcase> <!-- @BeforeMethod goToDistrictPuneGOMHomePage -->
  <testcase classname="test.TestNGClass1" name="@AfterMethod closePage" time="-1.682334279139E9">
    <skipped/>
  </testcase> <!-- @AfterMethod closePage -->
  <testcase classname="test.TestNGClass2" name="@AfterMethod closePage" time="-1.682334279141E9">
    <skipped/>
  </testcase> <!-- @AfterMethod closePage -->
  <testcase classname="test.TestNGClass1" name="@BeforeMethod goToDistrictPuneGOMHomePage" time="-1.682334279142E9">
    <skipped/>
  </testcase> <!-- @BeforeMethod goToDistrictPuneGOMHomePage -->
  <testcase classname="test.TestNGClass2" name="@BeforeMethod goToDistrictPuneGOMHomePage" time="-1.682334279143E9">
    <skipped/>
  </testcase> <!-- @BeforeMethod goToDistrictPuneGOMHomePage -->
  <testcase classname="test.TestNGClass1" name="@AfterMethod closePage" time="-1.682334279149E9">
    <skipped/>
  </testcase> <!-- @AfterMethod closePage -->
  <testcase classname="test.TestNGClass1" name="@BeforeMethod goToDistrictPuneGOMHomePage" time="-1.682334279152E9">
    <skipped/>
  </testcase> <!-- @BeforeMethod goToDistrictPuneGOMHomePage -->
  <testcase classname="test.TestNGClass1" name="@AfterMethod closePage" time="-1.682334279157E9">
    <skipped/>
  </testcase> <!-- @AfterMethod closePage -->
  <testcase classname="test.TestNGClass1" name="@BeforeMethod goToDistrictPuneGOMHomePage" time="-1.682334279159E9">
    <skipped/>
  </testcase> <!-- @BeforeMethod goToDistrictPuneGOMHomePage -->
  <testcase classname="test.TestNGClass1" name="@AfterMethod closePage" time="-1.682334279166E9">
    <skipped/>
  </testcase> <!-- @AfterMethod closePage -->
  <testcase classname="test.TestNGClass1" name="@BeforeMethod goToDistrictPuneGOMHomePage" time="-1.68233427917E9">
    <skipped/>
  </testcase> <!-- @BeforeMethod goToDistrictPuneGOMHomePage -->
  <testcase classname="test.TestNGClass2" name="@AfterMethod closePage" time="-1.682334279166E9">
    <skipped/>
  </testcase> <!-- @AfterMethod closePage -->
  <testcase classname="test.TestNGClass1" name="@AfterMethod closePage" time="-1.682334279176E9">
    <skipped/>
  </testcase> <!-- @AfterMethod closePage -->
  <testcase classname="test.TestNGClass1" name="@BeforeMethod goToDistrictPuneGOMHomePage" time="-1.682334279178E9">
    <skipped/>
  </testcase> <!-- @BeforeMethod goToDistrictPuneGOMHomePage -->
  <testcase classname="test.TestNGClass1" name="@AfterMethod closePage" time="-1.682334279187E9">
    <skipped/>
  </testcase> <!-- @AfterMethod closePage -->
  <testcase classname="test.TestNGClass2" name="@BeforeMethod goToDistrictPuneGOMHomePage" time="-1.682334279174E9">
    <skipped/>
  </testcase> <!-- @BeforeMethod goToDistrictPuneGOMHomePage -->
  <testcase classname="test.TestNGClass1" name="@AfterClass removeObjects" time="-1.682334279193E9">
    <skipped/>
  </testcase> <!-- @AfterClass removeObjects -->
  <testcase classname="test.TestNGClass2" name="@AfterMethod closePage" time="-1.682334279195E9">
    <skipped/>
  </testcase> <!-- @AfterMethod closePage -->
  <testcase classname="test.TestNGClass2" name="@BeforeMethod goToDistrictPuneGOMHomePage" time="-1.682334279199E9">
    <skipped/>
  </testcase> <!-- @BeforeMethod goToDistrictPuneGOMHomePage -->
  <testcase classname="test.TestNGClass2" name="@AfterMethod closePage" time="-1.682334279206E9">
    <skipped/>
  </testcase> <!-- @AfterMethod closePage -->
  <testcase classname="test.TestNGClass2" name="@BeforeMethod goToDistrictPuneGOMHomePage" time="-1.682334279208E9">
    <skipped/>
  </testcase> <!-- @BeforeMethod goToDistrictPuneGOMHomePage -->
  <testcase classname="test.TestNGClass2" name="@AfterMethod closePage" time="-1.682334279215E9">
    <skipped/>
  </testcase> <!-- @AfterMethod closePage -->
  <testcase classname="test.TestNGClass2" name="@AfterClass removeObjects" time="-1.682334279218E9">
    <skipped/>
  </testcase> <!-- @AfterClass removeObjects -->
  <testcase classname="test.TestNGClass1" name="@AfterTest closeBrowser" time="-1.682334279222E9">
    <skipped/>
  </testcase> <!-- @AfterTest closeBrowser -->
  <testcase classname="test.TestNGClass2" name="@AfterTest closeBrowser" time="-1.682334279224E9">
    <skipped/>
  </testcase> <!-- @AfterTest closeBrowser -->
  <testcase classname="test.TestNGClass2" name="verifyDistrictPuneGOMHomePage" time="0.0">
    <skipped/>
  </testcase> <!-- verifyDistrictPuneGOMHomePage -->
  <testcase classname="test.TestNGClass1" name="verifyDistrictPuneGOMHomePage" time="0.0">
    <skipped/>
  </testcase> <!-- verifyDistrictPuneGOMHomePage -->
  <testcase classname="test.TestNGClass2" name="verifyWhosWhoPage" time="0.0">
    <skipped/>
  </testcase> <!-- verifyWhosWhoPage -->
  <testcase classname="test.TestNGClass1" name="verifyWhosWhoPage" time="0.0">
    <skipped/>
  </testcase> <!-- verifyWhosWhoPage -->
  <testcase classname="test.TestNGClass2" name="VerifyTouristPlacesPage" time="0.0">
    <skipped/>
  </testcase> <!-- VerifyTouristPlacesPage -->
  <testcase classname="test.TestNGClass1" name="VerifyTouristPlacesPage" time="0.0">
    <skipped/>
  </testcase> <!-- VerifyTouristPlacesPage -->
  <testcase classname="test.TestNGClass1" name="verifyRtiOnlinePage" time="0.0">
    <skipped/>
  </testcase> <!-- verifyRtiOnlinePage -->
  <testcase classname="test.TestNGClass1" name="verifyAdharCentresPage" time="0.0">
    <skipped/>
  </testcase> <!-- verifyAdharCentresPage -->
  <testcase classname="test.TestNGClass1" name="verifyViewDigitallySigned712Page" time="0.0">
    <skipped/>
  </testcase> <!-- verifyViewDigitallySigned712Page -->
  <testcase classname="test.TestNGClass2" name="verifyRtiOnlinePage" time="0.0">
    <skipped/>
  </testcase> <!-- verifyRtiOnlinePage -->
  <testcase classname="test.TestNGClass2" name="verifyAdharCentresPage" time="0.0">
    <skipped/>
  </testcase> <!-- verifyAdharCentresPage -->
  <testcase classname="test.TestNGClass2" name="verifyViewDigitallySigned712Page" time="0.0">
    <skipped/>
  </testcase> <!-- verifyViewDigitallySigned712Page -->
</testsuite> <!-- chrome -->
