<?xml version="1.0" encoding="UTF-8"?>
<!-- Generated by org.testng.reporters.JUnitXMLReporter -->
<testsuite ignored="0" hostname="DESKTOP-AUGHFJE" failures="1" tests="12" name="firefox" time="47.938" errors="0" timestamp="2023-04-24T16:41:34 IST">
  <testcase classname="test.TestNGClass2" name="verifyDistrictPuneGOMHomePage" time="0.02">
    <failure type="java.lang.AssertionError" message="null">
      <![CDATA[java.lang.AssertionError: null
at test.TestNGClass2.verifyDistrictPuneGOMHomePage(TestNGClass2.java:72)
at java.base/java.util.concurrent.ThreadPoolExecutor.runWorker(ThreadPoolExecutor.java:1136)
at java.base/java.util.concurrent.ThreadPoolExecutor$Worker.run(ThreadPoolExecutor.java:635)
at java.base/java.lang.Thread.run(Thread.java:833)
... Removed 12 stack frames]]>
    </failure>
  </testcase> <!-- verifyDistrictPuneGOMHomePage -->
  <testcase classname="test.TestNGClass1" name="verifyDistrictPuneGOMHomePage" time="0.024"/>
  <testcase classname="test.TestNGClass2" name="verifyWhosWhoPage" time="1.765"/>
  <testcase classname="test.TestNGClass1" name="verifyWhosWhoPage" time="1.575"/>
  <testcase classname="test.TestNGClass2" name="VerifyTouristPlacesPage" time="1.102"/>
  <testcase classname="test.TestNGClass1" name="VerifyTouristPlacesPage" time="1.169"/>
  <testcase classname="test.TestNGClass1" name="verifyRtiOnlinePage" time="0.754"/>
  <testcase classname="test.TestNGClass2" name="verifyRtiOnlinePage" time="0.966"/>
  <testcase classname="test.TestNGClass1" name="verifyAdharCentresPage" time="0.492"/>
  <testcase classname="test.TestNGClass2" name="verifyAdharCentresPage" time="0.605"/>
  <testcase classname="test.TestNGClass1" name="verifyViewDigitallySigned712Page" time="0.75"/>
  <testcase classname="test.TestNGClass2" name="verifyViewDigitallySigned712Page" time="0.706"/>
</testsuite> <!-- firefox -->
