<?xml version="1.0" encoding="UTF-8"?>
<!-- Generated by org.testng.reporters.JUnitXMLReporter -->
<testsuite ignored="0" hostname="DESKTOP-AUGHFJE" failures="0" tests="12" name="Test12345" time="53.244" errors="0" timestamp="2023-04-23T14:26:32 IST">
  <testcase classname="test.TestNGClass2" name="verifyDistrictPuneGOMHomePage" time="0.039"/>
  <testcase classname="test.TestNGClass2" name="verifyWhosWhoPage" time="2.114"/>
  <testcase classname="test.TestNGClass2" name="VerifyTouristPlacesPage" time="1.736"/>
  <testcase classname="test.TestNGClass2" name="verifyRtiOnlinePage" time="1.432"/>
  <testcase classname="test.TestNGClass2" name="verifyAdharCentresPage" time="1.784"/>
  <testcase classname="test.TestNGClass2" name="verifyViewDigitallySigned712Page" time="2.155"/>
  <testcase classname="test.TestNGClass1" name="verifyDistrictPuneGOMHomePage" time="0.016"/>
  <testcase classname="test.TestNGClass1" name="verifyWhosWhoPage" time="2.612"/>
  <testcase classname="test.TestNGClass1" name="VerifyTouristPlacesPage" time="2.102"/>
  <testcase classname="test.TestNGClass1" name="verifyRtiOnlinePage" time="1.142"/>
  <testcase classname="test.TestNGClass1" name="verifyAdharCentresPage" time="1.155"/>
  <testcase classname="test.TestNGClass1" name="verifyViewDigitallySigned712Page" time="2.335"/>
</testsuite> <!-- Test12345 -->
